<?xml version="1.0" encoding="UTF-8"?>
<testsuite name="Cucumber" time="19.894" tests="20" skipped="0" failures="0" errors="0">
<testcase classname="Customer Management" name="Create a new customer successfully" time="1.068">
<system-out><![CDATA[
Given the customer management system is running.............................passed
And the database is clean...................................................passed
When I create a customer with the following details:........................passed
Then the customer should be created successfully............................passed
And the response status should be 201.......................................passed
And the customer should have an ID..........................................passed
And the customer name should be "John Doe"..................................passed
And the customer email should be "john.doe@example.com".....................passed
And the customer mobile should be "1234567890"..............................passed
]]></system-out>
</testcase>
<testcase classname="Customer Management" name="Retrieve all customers" time="0.101">
<system-out><![CDATA[
Given the customer management system is running.............................passed
And the database is clean...................................................passed
Given the following customers exist:........................................passed
When I retrieve all customers...............................................passed
Then the response status should be 200......................................passed
And I should get 2 customers................................................passed
And the customers should contain "Alice Smith"..............................passed
And the customers should contain "Bob Johnson"..............................passed
]]></system-out>
</testcase>
<testcase classname="Customer Management" name="Retrieve customer by ID" time="0.047">
<system-out><![CDATA[
Given the customer management system is running.............................passed
And the database is clean...................................................passed
Given a customer exists with name "Jane Wilson" and email "jane@example.com".passed
When I retrieve the customer by ID..........................................passed
Then the response status should be 200......................................passed
And the customer name should be "Jane Wilson"...............................passed
And the customer email should be "jane@example.com".........................passed
]]></system-out>
</testcase>
<testcase classname="Customer Management" name="Retrieve non-existent customer by ID" time="0.028">
<system-out><![CDATA[
Given the customer management system is running.............................passed
And the database is clean...................................................passed
When I retrieve customer with ID 999........................................passed
Then the response status should be 404......................................passed
]]></system-out>
</testcase>
<testcase classname="Customer Management" name="Update existing customer" time="0.053">
<system-out><![CDATA[
Given the customer management system is running.............................passed
And the database is clean...................................................passed
Given a customer exists with name "Mike Brown" and email "mike@example.com".passed
When I update the customer with the following details:......................passed
Then the response status should be 200......................................passed
And the customer name should be "Michael Brown".............................passed
And the customer email should be "michael@example.com"......................passed
And the customer mobile should be "1111111111"..............................passed
]]></system-out>
</testcase>
<testcase classname="Customer Management" name="Update non-existent customer" time="0.036">
<system-out><![CDATA[
Given the customer management system is running.............................passed
And the database is clean...................................................passed
When I update customer with ID 999 with name "Non Existent".................passed
Then the response status should be 404......................................passed
]]></system-out>
</testcase>
<testcase classname="Customer Management" name="Delete existing customer" time="0.063">
<system-out><![CDATA[
Given the customer management system is running.............................passed
And the database is clean...................................................passed
Given a customer exists with name "Sarah Davis" and email "sarah@example.com".passed
When I delete the customer..................................................passed
Then the response status should be 204......................................passed
And the customer should not exist in the system.............................passed
]]></system-out>
</testcase>
<testcase classname="Customer Management" name="Delete non-existent customer" time="0.045">
<system-out><![CDATA[
Given the customer management system is running.............................passed
And the database is clean...................................................passed
When I delete customer with ID 999..........................................passed
Then the response status should be 500......................................passed
]]></system-out>
</testcase>
<testcase classname="Customer Management" name="Get all customers when none exist" time="0.054">
<system-out><![CDATA[
Given the customer management system is running.............................passed
And the database is clean...................................................passed
When I retrieve all customers...............................................passed
Then the response status should be 204......................................passed
]]></system-out>
</testcase>
<testcase classname="Customer Management" name="Create customer with validation errors - Example #1.1" time="0.074">
<system-out><![CDATA[
Given the customer management system is running.............................passed
And the database is clean...................................................passed
When I create a customer with invalid details:..............................passed
Then the response status should be 400......................................passed
And the error message should contain "Customer Name must not be blank"......passed
]]></system-out>
</testcase>
<testcase classname="Customer Management" name="Create customer with validation errors - Example #1.2" time="0.045">
<system-out><![CDATA[
Given the customer management system is running.............................passed
And the database is clean...................................................passed
When I create a customer with invalid details:..............................passed
Then the response status should be 400......................................passed
And the error message should contain "email must not be blank"..............passed
]]></system-out>
</testcase>
<testcase classname="Customer Management" name="Create customer with validation errors - Example #1.3" time="0.033">
<system-out><![CDATA[
Given the customer management system is running.............................passed
And the database is clean...................................................passed
When I create a customer with invalid details:..............................passed
Then the response status should be 400......................................passed
And the error message should contain "email should be well formed"..........passed
]]></system-out>
</testcase>
<testcase classname="Customer Management" name="Create customer with validation errors - Example #1.4" time="0.032">
<system-out><![CDATA[
Given the customer management system is running.............................passed
And the database is clean...................................................passed
When I create a customer with invalid details:..............................passed
Then the response status should be 400......................................passed
And the error message should contain "Mobile number should be a 10 digit number".passed
]]></system-out>
</testcase>
<testcase classname="Customer Management" name="Create customer with validation errors - Example #1.5" time="0.034">
<system-out><![CDATA[
Given the customer management system is running.............................passed
And the database is clean...................................................passed
When I create a customer with invalid details:..............................passed
Then the response status should be 400......................................passed
And the error message should contain "Mobile number should be a 10 digit number".passed
]]></system-out>
</testcase>
<testcase classname="Customer Management" name="Create customer with duplicate email" time="0.045">
<system-out><![CDATA[
Given the customer management system is running.............................passed
And the database is clean...................................................passed
Given a customer exists with email "duplicate@example.com"..................passed
When I create a customer with email "duplicate@example.com".................passed
Then the response status should be 400......................................passed
And the error message should contain "Duplicate email"......................passed
]]></system-out>
</testcase>
<testcase classname="Customer Management" name="Create customer successfully when database is available" time="0.052">
<system-out><![CDATA[
Given the customer management system is running.............................passed
And the database is clean...................................................passed
When I create a customer with valid details.................................passed
Then the response status should be 201......................................passed
]]></system-out>
</testcase>
<testcase classname="Customer Management" name="Test BaseEntity methods through Customer operations" time="0.049">
<system-out><![CDATA[
Given the customer management system is running.............................passed
And the database is clean...................................................passed
Given a customer exists with name "Test Customer" and email "test@example.com".passed
When I retrieve the customer by ID..........................................passed
Then the customer should have an ID.........................................passed
And the customer should have version information............................passed
And the customer should have creation timestamp.............................passed
And the customer should have update timestamp...............................passed
]]></system-out>
</testcase>
<testcase classname="Customer Management" name="Test Customer entity equality and hash operations" time="0.065">
<system-out><![CDATA[
Given the customer management system is running.............................passed
And the database is clean...................................................passed
Given the following customers exist:........................................passed
When I retrieve all customers...............................................passed
Then the customers should be distinct entities..............................passed
And each customer should have proper hash codes.............................passed
]]></system-out>
</testcase>
<testcase classname="Customer Management" name="Test validation error response structure" time="0.043">
<system-out><![CDATA[
Given the customer management system is running.............................passed
And the database is clean...................................................passed
When I create a customer with multiple validation errors:...................passed
Then the response status should be 400......................................passed
And the response should contain validation error details....................passed
And the error response should have proper structure.........................passed
]]></system-out>
</testcase>
<testcase classname="Customer Management" name="Test Customer toString representation" time="0.036">
<system-out><![CDATA[
Given the customer management system is running.............................passed
And the database is clean...................................................passed
Given a customer exists with name "ToString Test" and email "tostring@example.com".passed
When I retrieve the customer by ID..........................................passed
Then the customer should have string representation.........................passed
]]></system-out>
</testcase>
</testsuite>
