<?xml version="1.0" encoding="UTF-8"?>
<testsuite xmlns:xsi="http://www.w3.org/2001/XMLSchema-instance" xsi:noNamespaceSchemaLocation="https://maven.apache.org/surefire/maven-surefire-plugin/xsd/surefire-test-report.xsd" name="CucumberTestRunner" time="21.121" tests="20" errors="0" skipped="0" failures="0">
  <properties>
[...]
</properties>
  <testcase name="Create a new customer successfully" classname="com.amit.customer.cucumber.CucumberTestRunner" time="18.162"/>
  <testcase name="Retrieve all customers" classname="com.amit.customer.cucumber.CucumberTestRunner" time="0.128"/>
  <testcase name="Retrieve customer by ID" classname="com.amit.customer.cucumber.CucumberTestRunner" time="0.073"/>
  <testcase name="Retrieve non-existent customer by ID" classname="com.amit.customer.cucumber.CucumberTestRunner" time="0.052"/>
  <testcase name="Update existing customer" classname="com.amit.customer.cucumber.CucumberTestRunner" time="0.079"/>
  <testcase name="Update non-existent customer" classname="com.amit.customer.cucumber.CucumberTestRunner" time="0.059"/>
  <testcase name="Delete existing customer" classname="com.amit.customer.cucumber.CucumberTestRunner" time="0.1"/>
  <testcase name="Delete non-existent customer" classname="com.amit.customer.cucumber.CucumberTestRunner" time="0.069"/>
  <testcase name="Get all customers when none exist" classname="com.amit.customer.cucumber.CucumberTestRunner" time="0.081"/>
  <testcase name="Example #1.1" classname="com.amit.customer.cucumber.CucumberTestRunner" time="0.107"/>
  <testcase name="Example #1.2" classname="com.amit.customer.cucumber.CucumberTestRunner" time="0.056"/>
  <testcase name="Example #1.3" classname="com.amit.customer.cucumber.CucumberTestRunner" time="0.056"/>
  <testcase name="Example #1.4" classname="com.amit.customer.cucumber.CucumberTestRunner" time="0.059"/>
  <testcase name="Example #1.5" classname="com.amit.customer.cucumber.CucumberTestRunner" time="0.057"/>
  <testcase name="Create customer with duplicate email" classname="com.amit.customer.cucumber.CucumberTestRunner" time="0.065"/>
  <testcase name="Create customer successfully when database is available" classname="com.amit.customer.cucumber.CucumberTestRunner" time="0.099"/>
  <testcase name="Test BaseEntity methods through Customer operations" classname="com.amit.customer.cucumber.CucumberTestRunner" time="0.064"/>
  <testcase name="Test Customer entity equality and hash operations" classname="com.amit.customer.cucumber.CucumberTestRunner" time="0.07"/>
  <testcase name="Test validation error response structure" classname="com.amit.customer.cucumber.CucumberTestRunner" time="0.064"/>
  <testcase name="Test Customer toString representation" classname="com.amit.customer.cucumber.CucumberTestRunner" time="0.056"/>
</testsuite>